Using pre-set license
Built from '2020.3/staging' branch; Version is '2020.3.41f1 (7c19dc9acfda) revision 8133084'; Using compiler version '192528614'; Build Type 'Release'
OS: 'Windows 11  (10.0.22621) 64bit Professional' Language: 'ko' Physical Memory: 130845 MB
BatchMode: 1, IsHumanControllingUs: 0, StartBugReporterOnCrash: 0, Is64bit: 1, IsPro: 0

COMMAND LINE ARGUMENTS:
C:\Program Files\Unity\Hub\Editor\2020.3.41f1\Editor\Unity.exe
-adb2
-batchMode
-noUpm
-name
AssetImportWorker0
-projectPath
C:/Users/PCU/git/230711_Client
-logFile
Logs/AssetImportWorker0.log
-srvPort
63110
Successfully changed project path to: C:/Users/PCU/git/230711_Client
C:/Users/PCU/git/230711_Client
Using Asset Import Pipeline V2.
Refreshing native plugins compatible for Editor in 18.56 ms, found 2 plugins.
Preloading 0 native plugins for Editor in 0.00 ms.
Initialize engine version: 2020.3.41f1 (7c19dc9acfda)
[Subsystems] Discovering subsystems at path C:/Program Files/Unity/Hub/Editor/2020.3.41f1/Editor/Data/Resources/UnitySubsystems
[Subsystems] Discovering subsystems at path C:/Users/PCU/git/230711_Client/Assets
GfxDevice: creating device client; threaded=0
Direct3D:
    Version:  Direct3D 11.0 [level 11.1]
    Renderer: NVIDIA GeForce RTX 3070 Ti (ID=0x2482)
    Vendor:   
    VRAM:     8031 MB
    Driver:   31.0.15.2824
Initialize mono
Mono path[0] = 'C:/Program Files/Unity/Hub/Editor/2020.3.41f1/Editor/Data/Managed'
Mono path[1] = 'C:/Program Files/Unity/Hub/Editor/2020.3.41f1/Editor/Data/MonoBleedingEdge/lib/mono/unityjit'
Mono config path = 'C:/Program Files/Unity/Hub/Editor/2020.3.41f1/Editor/Data/MonoBleedingEdge/etc'
Using monoOptions --debugger-agent=transport=dt_socket,embedding=1,server=y,suspend=n,address=127.0.0.1:56484
Begin MonoManager ReloadAssembly
Registering precompiled unity dll's ...
Register platform support module: C:/Program Files/Unity/Hub/Editor/2020.3.41f1/Editor/Data/PlaybackEngines/WindowsStandaloneSupport/UnityEditor.WindowsStandalone.Extensions.dll
Registered in 0.000621 seconds.
Native extension for WindowsStandalone target not found
Refreshing native plugins compatible for Editor in 18.03 ms, found 2 plugins.
Preloading 0 native plugins for Editor in 0.00 ms.
Mono: successfully reloaded assembly
- Completed reload, in  0.294 seconds
Domain Reload Profiling:
	ReloadAssembly (294ms)
		BeginReloadAssembly (31ms)
			ExecutionOrderSort (0ms)
			DisableScriptedObjects (0ms)
			BackupInstance (0ms)
			ReleaseScriptingObjects (0ms)
			CreateAndSetChildDomain (0ms)
		EndReloadAssembly (228ms)
			LoadAssemblies (31ms)
			RebuildTransferFunctionScriptingTraits (0ms)
			SetupTypeCache (72ms)
			ReleaseScriptCaches (0ms)
			RebuildScriptCaches (18ms)
			SetupLoadedEditorAssemblies (86ms)
				LogAssemblyErrors (0ms)
				InitializePlatformSupportModulesInManaged (2ms)
				SetLoadedEditorAssemblies (0ms)
				RefreshPlugins (18ms)
				BeforeProcessingInitializeOnLoad (9ms)
				ProcessInitializeOnLoadAttributes (42ms)
				ProcessInitializeOnLoadMethodAttributes (14ms)
				AfterProcessingInitializeOnLoad (0ms)
				EditorAssembliesLoaded (0ms)
			ExecutionOrderSort2 (0ms)
			AwakeInstancesAfterBackupRestoration (0ms)
Platform modules already initialized, skipping
Registering precompiled user dll's ...
Registered in 0.001022 seconds.
Begin MonoManager ReloadAssembly
Native extension for WindowsStandalone target not found
Refreshing native plugins compatible for Editor in 0.23 ms, found 2 plugins.
Preloading 0 native plugins for Editor in 0.00 ms.
Mono: successfully reloaded assembly
- Completed reload, in  0.500 seconds
Domain Reload Profiling:
	ReloadAssembly (500ms)
		BeginReloadAssembly (69ms)
			ExecutionOrderSort (0ms)
			DisableScriptedObjects (2ms)
			BackupInstance (0ms)
			ReleaseScriptingObjects (0ms)
			CreateAndSetChildDomain (10ms)
		EndReloadAssembly (401ms)
			LoadAssemblies (44ms)
			RebuildTransferFunctionScriptingTraits (0ms)
			SetupTypeCache (128ms)
			ReleaseScriptCaches (0ms)
			RebuildScriptCaches (25ms)
			SetupLoadedEditorAssemblies (166ms)
				LogAssemblyErrors (0ms)
				InitializePlatformSupportModulesInManaged (2ms)
				SetLoadedEditorAssemblies (0ms)
				RefreshPlugins (0ms)
				BeforeProcessingInitializeOnLoad (42ms)
				ProcessInitializeOnLoadAttributes (110ms)
				ProcessInitializeOnLoadMethodAttributes (8ms)
				AfterProcessingInitializeOnLoad (2ms)
				EditorAssembliesLoaded (0ms)
			ExecutionOrderSort2 (0ms)
			AwakeInstancesAfterBackupRestoration (1ms)
Platform modules already initialized, skipping
========================================================================
Worker process is ready to serve import requests
Shader 'SimpleURPToonLitExample(With Outline)': fallback shader 'Hidden/Universal Render Pipeline/FallbackError' not found
Shader 'SimpleURPToonLitExample(With Outline)': fallback shader 'Hidden/Universal Render Pipeline/FallbackError' not found
Launched and connected shader compiler UnityShaderCompiler.exe after 0.02 seconds
Refreshing native plugins compatible for Editor in 0.24 ms, found 2 plugins.
Preloading 0 native plugins for Editor in 0.00 ms.
Unloading 1556 Unused Serialized files (Serialized files now loaded: 0)
System memory in use before: 74.8 MB.
System memory in use after: 74.8 MB.

Unloading 18 unused Assets to reduce memory usage. Loaded Objects now: 1993.
Total: 1.666300 ms (FindLiveObjects: 0.079000 ms CreateObjectMapping: 0.025900 ms MarkObjects: 1.478600 ms  DeleteObjects: 0.082200 ms)

AssetImportParameters requested are different than current active one (requested -> active):
  custom:framework-win-MediaFoundation: 216162199b28c13a410421893ffa2e32 -> 
  custom:video-decoder-ogg-theora: a1e56fd34408186e4bbccfd4996cb3dc -> 
  custom:container-muxer-webm: aa71ff27fc2769a1b78a27578f13a17b -> 
  custom:container-demuxer-webm: 4f35f7cbe854078d1ac9338744f61a02 -> 
  custom:container-demuxer-ogg: 62fdf1f143b41e24485cea50d1cbac27 -> 
  custom:video-encoder-webm-vp8: eb34c28f22e8b96e1ab97ce403110664 -> 
  custom:video-decoder-webm-vp8: 9c59270c3fd7afecdb556c50c9e8de78 -> 
  custom:audio-decoder-ogg-vorbis: bf7c407c2cedff20999df2af8eb42d56 -> 
  custom:audio-encoder-webm-vorbis: bf7c407c2cedff20999df2af8eb42d56 -> 
========================================================================
Received Import Request.
  path: Assets/Scenes
  artifactKey: Guid(6ea315d0fd7389c41b19996891e99ae3) Importer(815301076,1909f56bfc062723c751e8b465ee728b)
Start importing Assets/Scenes using Guid(6ea315d0fd7389c41b19996891e99ae3) Importer(815301076,1909f56bfc062723c751e8b465ee728b)  -> (artifact id: '9168112a17b07f3ee034ca0d2dc1544d') in 0.006441 seconds 
========================================================================
Received Import Request.
  Time since last request: 0.000186 seconds.
  path: Assets/Scenes/SampleScene.unity
  artifactKey: Guid(9fc0d4010bbf28b4594072e72b8655ab) Importer(815301076,1909f56bfc062723c751e8b465ee728b)
Start importing Assets/Scenes/SampleScene.unity using Guid(9fc0d4010bbf28b4594072e72b8655ab) Importer(815301076,1909f56bfc062723c751e8b465ee728b)  -> (artifact id: '94c55409359c0051422e58de30b0573d') in 0.006248 seconds 
========================================================================
Received Import Request.
  Time since last request: 8.067303 seconds.
  path: Assets/Monster/_Scene/2Movement/Movement
  artifactKey: Guid(812be272bfde1a840a8fb37f52a05530) Importer(815301076,1909f56bfc062723c751e8b465ee728b)
Start importing Assets/Monster/_Scene/2Movement/Movement using Guid(812be272bfde1a840a8fb37f52a05530) Importer(815301076,1909f56bfc062723c751e8b465ee728b)  -> (artifact id: 'eb53ba8468a5728961ccf5806827b4c7') in 0.005515 seconds 
========================================================================
Received Import Request.
  Time since last request: 0.382485 seconds.
  path: Assets/Monster/_Scene/2Movement/2Movement.unity
  artifactKey: Guid(2dcf953ee88381c479273b2ebf245c45) Importer(815301076,1909f56bfc062723c751e8b465ee728b)
Start importing Assets/Monster/_Scene/2Movement/2Movement.unity using Guid(2dcf953ee88381c479273b2ebf245c45) Importer(815301076,1909f56bfc062723c751e8b465ee728b)  -> (artifact id: '9f0cf6fcb136000b42c351d1029099fa') in 0.006091 seconds 
========================================================================
Received Import Request.
  Time since last request: 16.408741 seconds.
  path: Assets/Monster/_Scene/2Movement
  artifactKey: Guid(9a95bc222a2c04a46acaa92b6a139a46) Importer(815301076,1909f56bfc062723c751e8b465ee728b)
Start importing Assets/Monster/_Scene/2Movement using Guid(9a95bc222a2c04a46acaa92b6a139a46) Importer(815301076,1909f56bfc062723c751e8b465ee728b)  -> (artifact id: '968681a08793cf590b12aa6ef0bdd73f') in 0.005729 seconds 
========================================================================
Received Import Request.
  Time since last request: 2.873312 seconds.
  path: Assets/Monster/_Scene/3Attack/3Attack.unity
  artifactKey: Guid(2140a43680694204e98181f943dfe00b) Importer(815301076,1909f56bfc062723c751e8b465ee728b)
Start importing Assets/Monster/_Scene/3Attack/3Attack.unity using Guid(2140a43680694204e98181f943dfe00b) Importer(815301076,1909f56bfc062723c751e8b465ee728b)  -> (artifact id: 'b7f1b29a2c9a97046a4f92b9e5944aeb') in 0.005931 seconds 
========================================================================
Received Import Request.
  Time since last request: 1.299437 seconds.
  path: Assets/Monster/_Scene/6Spawn
  artifactKey: Guid(f5b9645f7b85f3c4a98f814ae7ab597e) Importer(815301076,1909f56bfc062723c751e8b465ee728b)
Start importing Assets/Monster/_Scene/6Spawn using Guid(f5b9645f7b85f3c4a98f814ae7ab597e) Importer(815301076,1909f56bfc062723c751e8b465ee728b)  -> (artifact id: '26eedaf29624267087b6dcf3e2d0b8d4') in 0.006554 seconds 
========================================================================
Received Import Request.
  Time since last request: 2.701127 seconds.
  path: Assets/Monster/_Scene/6Spawn/6Spawn.unity
  artifactKey: Guid(69f343d87e01dd544be82c3508f8a6ba) Importer(815301076,1909f56bfc062723c751e8b465ee728b)
Start importing Assets/Monster/_Scene/6Spawn/6Spawn.unity using Guid(69f343d87e01dd544be82c3508f8a6ba) Importer(815301076,1909f56bfc062723c751e8b465ee728b)  -> (artifact id: 'ad98de5539e5bf40ae37ba09b1605d7a') in 0.005887 seconds 
========================================================================
Received Import Request.
  Time since last request: 25.578772 seconds.
  path: Assets/Monster/Slime/Kawaii Slimes/Animator/Slime.controller
  artifactKey: Guid(707b944f06051734793367fc0c69bc07) Importer(815301076,1909f56bfc062723c751e8b465ee728b)
Start importing Assets/Monster/Slime/Kawaii Slimes/Animator/Slime.controller using Guid(707b944f06051734793367fc0c69bc07) Importer(815301076,1909f56bfc062723c751e8b465ee728b)  -> (artifact id: '68a77a59f10288ace6ffd267f214385d') in 0.042316 seconds 
========================================================================
Received Prepare
Registering precompiled user dll's ...
Registered in 0.000981 seconds.
Begin MonoManager ReloadAssembly
Native extension for WindowsStandalone target not found
Refreshing native plugins compatible for Editor in 0.22 ms, found 2 plugins.
Preloading 0 native plugins for Editor in 0.00 ms.
Mono: successfully reloaded assembly
- Completed reload, in  0.483 seconds
Domain Reload Profiling:
	ReloadAssembly (483ms)
		BeginReloadAssembly (66ms)
			ExecutionOrderSort (0ms)
			DisableScriptedObjects (3ms)
			BackupInstance (0ms)
			ReleaseScriptingObjects (0ms)
			CreateAndSetChildDomain (19ms)
		EndReloadAssembly (386ms)
			LoadAssemblies (48ms)
			RebuildTransferFunctionScriptingTraits (0ms)
			SetupTypeCache (128ms)
			ReleaseScriptCaches (1ms)
			RebuildScriptCaches (22ms)
			SetupLoadedEditorAssemblies (153ms)
				LogAssemblyErrors (0ms)
				InitializePlatformSupportModulesInManaged (3ms)
				SetLoadedEditorAssemblies (0ms)
				RefreshPlugins (0ms)
				BeforeProcessingInitializeOnLoad (39ms)
				ProcessInitializeOnLoadAttributes (102ms)
				ProcessInitializeOnLoadMethodAttributes (7ms)
				AfterProcessingInitializeOnLoad (2ms)
				EditorAssembliesLoaded (0ms)
			ExecutionOrderSort2 (0ms)
			AwakeInstancesAfterBackupRestoration (1ms)
Platform modules already initialized, skipping
Shader 'SimpleURPToonLitExample(With Outline)': fallback shader 'Hidden/Universal Render Pipeline/FallbackError' not found
Shader 'SimpleURPToonLitExample(With Outline)': fallback shader 'Hidden/Universal Render Pipeline/FallbackError' not found
Refreshing native plugins compatible for Editor in 0.22 ms, found 2 plugins.
Preloading 0 native plugins for Editor in 0.00 ms.
Unloading 1547 Unused Serialized files (Serialized files now loaded: 0)
System memory in use before: 74.4 MB.
System memory in use after: 74.4 MB.

Unloading 13 unused Assets to reduce memory usage. Loaded Objects now: 1997.
Total: 1.569100 ms (FindLiveObjects: 0.070500 ms CreateObjectMapping: 0.018900 ms MarkObjects: 1.415700 ms  DeleteObjects: 0.063400 ms)

AssetImportParameters requested are different than current active one (requested -> active):
  custom:framework-win-MediaFoundation: 216162199b28c13a410421893ffa2e32 -> 
  custom:video-decoder-ogg-theora: a1e56fd34408186e4bbccfd4996cb3dc -> 
  custom:container-muxer-webm: aa71ff27fc2769a1b78a27578f13a17b -> 
  custom:container-demuxer-webm: 4f35f7cbe854078d1ac9338744f61a02 -> 
  custom:container-demuxer-ogg: 62fdf1f143b41e24485cea50d1cbac27 -> 
  custom:video-encoder-webm-vp8: eb34c28f22e8b96e1ab97ce403110664 -> 
  custom:video-decoder-webm-vp8: 9c59270c3fd7afecdb556c50c9e8de78 -> 
  custom:audio-decoder-ogg-vorbis: bf7c407c2cedff20999df2af8eb42d56 -> 
  custom:audio-encoder-webm-vorbis: bf7c407c2cedff20999df2af8eb42d56 -> 
AssetImportWorkerClient::OnTransportError - code=2 error=End of file
